[debug] [2022-08-12T03:55:14.822Z] ----------------------------------------------------------------------
[debug] [2022-08-12T03:55:14.824Z] Command:       C:\Program Files\nodejs\node.exe C:\Program Files\nodejs\node_modules\firebase-tools\lib\bin\firebase.js init
[debug] [2022-08-12T03:55:14.825Z] CLI Version:   11.6.0
[debug] [2022-08-12T03:55:14.825Z] Platform:      win32
[debug] [2022-08-12T03:55:14.825Z] Node Version:  v14.18.0
[debug] [2022-08-12T03:55:14.826Z] Time:          Fri Aug 12 2022 12:55:14 GMT+0900 (대한민국 표준시)
[debug] [2022-08-12T03:55:14.826Z] ----------------------------------------------------------------------
[debug] 
[debug] [2022-08-12T03:55:14.830Z] >>> [apiv2][query] GET https://firebase-public.firebaseio.com/cli.json [none]
[debug] [2022-08-12T03:55:14.901Z] Field ".emulators.firestore.port" in "firebase.json" is possibly invalid: should be number
[debug] [2022-08-12T03:55:14.907Z] > command requires scopes: ["email","openid","https://www.googleapis.com/auth/cloudplatformprojects.readonly","https://www.googleapis.com/auth/firebase","https://www.googleapis.com/auth/cloud-platform"]
[debug] [2022-08-12T03:55:14.907Z] > authorizing via signed-in user (ghkdsigm3@gmail.com)
[debug] [2022-08-12T03:55:14.908Z] Field ".emulators.firestore.port" in "firebase.json" is possibly invalid: should be number
[info] 
     ######## #### ########  ######## ########     ###     ######  ########
     ##        ##  ##     ## ##       ##     ##  ##   ##  ##       ##
     ######    ##  ########  ######   ########  #########  ######  ######
     ##        ##  ##    ##  ##       ##     ## ##     ##       ## ##
     ##       #### ##     ## ######## ########  ##     ##  ######  ########

You're about to initialize a Firebase project in this directory:

  C:\Users\ghkdsigm\Desktop\workspace\vf2

Before we get started, keep in mind:

  * You are initializing within an existing Firebase project directory

[debug] [2022-08-12T03:55:15.301Z] <<< [apiv2][status] GET https://firebase-public.firebaseio.com/cli.json 200
[debug] [2022-08-12T03:55:15.302Z] <<< [apiv2][body] GET https://firebase-public.firebaseio.com/cli.json {"cloudBuildErrorAfter":1594252800000,"cloudBuildWarnAfter":1590019200000,"defaultNode10After":1594252800000,"minVersion":"3.0.5","node8DeploysDisabledAfter":1613390400000,"node8RuntimeDisabledAfter":1615809600000,"node8WarnAfter":1600128000000}
